{"/Users/aganya_bajaj/Documents/Evaluations/Evaluation-2/database/models/companies.js": {"path":"/Users/aganya_bajaj/Documents/Evaluations/Evaluation-2/database/models/companies.js","statementMap":{"0":{"start":{"line":4,"column":4},"end":{"line":4,"column":24}},"1":{"start":{"line":5,"column":0},"end":{"line":27,"column":2}},"2":{"start":{"line":16,"column":2},"end":{"line":25,"column":5}},"3":{"start":{"line":26,"column":2},"end":{"line":26,"column":19}}},"fnMap":{"0":{"name":"(anonymous_0)","decl":{"start":{"line":5,"column":17},"end":{"line":5,"column":18}},"loc":{"start":{"line":5,"column":43},"end":{"line":27,"column":1}},"line":5},"1":{"name":"(anonymous_1)","decl":{"start":{"line":12,"column":4},"end":{"line":12,"column":5}},"loc":{"start":{"line":12,"column":29},"end":{"line":14,"column":5}},"line":12}},"branchMap":{},"s":{"0":2,"1":2,"2":2,"3":2},"f":{"0":2,"1":2},"b":{},"_coverageSchema":"1a1c01bbd47fc00a2c39e90264f33305004495a9","hash":"3a338ad3024640bf4d7a680095adbba66e069d9b"}
,"/Users/aganya_bajaj/Documents/Evaluations/Evaluation-2/database/models/index.js": {"path":"/Users/aganya_bajaj/Documents/Evaluations/Evaluation-2/database/models/index.js","statementMap":{"0":{"start":{"line":3,"column":11},"end":{"line":3,"column":24}},"1":{"start":{"line":4,"column":13},"end":{"line":4,"column":28}},"2":{"start":{"line":5,"column":18},"end":{"line":5,"column":38}},"3":{"start":{"line":6,"column":16},"end":{"line":6,"column":34}},"4":{"start":{"line":7,"column":17},"end":{"line":7,"column":42}},"5":{"start":{"line":8,"column":12},"end":{"line":8,"column":49}},"6":{"start":{"line":9,"column":15},"end":{"line":9,"column":65}},"7":{"start":{"line":10,"column":11},"end":{"line":10,"column":13}},"8":{"start":{"line":13,"column":0},"end":{"line":17,"column":1}},"9":{"start":{"line":14,"column":2},"end":{"line":14,"column":74}},"10":{"start":{"line":16,"column":2},"end":{"line":16,"column":87}},"11":{"start":{"line":19,"column":0},"end":{"line":32,"column":5}},"12":{"start":{"line":22,"column":4},"end":{"line":27,"column":6}},"13":{"start":{"line":30,"column":18},"end":{"line":30,"column":85}},"14":{"start":{"line":31,"column":4},"end":{"line":31,"column":27}},"15":{"start":{"line":34,"column":0},"end":{"line":38,"column":3}},"16":{"start":{"line":35,"column":2},"end":{"line":37,"column":3}},"17":{"start":{"line":36,"column":4},"end":{"line":36,"column":32}},"18":{"start":{"line":40,"column":0},"end":{"line":40,"column":25}},"19":{"start":{"line":41,"column":0},"end":{"line":41,"column":25}},"20":{"start":{"line":43,"column":0},"end":{"line":43,"column":20}}},"fnMap":{"0":{"name":"(anonymous_0)","decl":{"start":{"line":21,"column":10},"end":{"line":21,"column":11}},"loc":{"start":{"line":21,"column":18},"end":{"line":28,"column":3}},"line":21},"1":{"name":"(anonymous_1)","decl":{"start":{"line":29,"column":11},"end":{"line":29,"column":12}},"loc":{"start":{"line":29,"column":19},"end":{"line":32,"column":3}},"line":29},"2":{"name":"(anonymous_2)","decl":{"start":{"line":34,"column":24},"end":{"line":34,"column":25}},"loc":{"start":{"line":34,"column":37},"end":{"line":38,"column":1}},"line":34}},"branchMap":{"0":{"loc":{"start":{"line":8,"column":12},"end":{"line":8,"column":49}},"type":"binary-expr","locations":[{"start":{"line":8,"column":12},"end":{"line":8,"column":32}},{"start":{"line":8,"column":36},"end":{"line":8,"column":49}}],"line":8},"1":{"loc":{"start":{"line":13,"column":0},"end":{"line":17,"column":1}},"type":"if","locations":[{"start":{"line":13,"column":0},"end":{"line":17,"column":1}},{"start":{"line":15,"column":7},"end":{"line":17,"column":1}}],"line":13},"2":{"loc":{"start":{"line":23,"column":6},"end":{"line":26,"column":37}},"type":"binary-expr","locations":[{"start":{"line":23,"column":6},"end":{"line":23,"column":29}},{"start":{"line":24,"column":6},"end":{"line":24,"column":23}},{"start":{"line":25,"column":6},"end":{"line":25,"column":30}},{"start":{"line":26,"column":6},"end":{"line":26,"column":37}}],"line":23},"3":{"loc":{"start":{"line":35,"column":2},"end":{"line":37,"column":3}},"type":"if","locations":[{"start":{"line":35,"column":2},"end":{"line":37,"column":3}},{"start":{},"end":{}}],"line":35}},"s":{"0":2,"1":2,"2":2,"3":2,"4":2,"5":2,"6":2,"7":2,"8":2,"9":0,"10":2,"11":2,"12":4,"13":2,"14":2,"15":2,"16":2,"17":2,"18":2,"19":2,"20":2},"f":{"0":4,"1":2,"2":2},"b":{"0":[2,0],"1":[0,2],"2":[4,4,2,2],"3":[2,0]},"_coverageSchema":"1a1c01bbd47fc00a2c39e90264f33305004495a9","hash":"11c21a587e9737cf809d7567c3ee0f54b8e313cf"}
,"/Users/aganya_bajaj/Documents/Evaluations/Evaluation-2/src/controllers/companyController.js": {"path":"/Users/aganya_bajaj/Documents/Evaluations/Evaluation-2/src/controllers/companyController.js","statementMap":{"0":{"start":{"line":1,"column":16},"end":{"line":1,"column":34}},"1":{"start":{"line":2,"column":14},"end":{"line":2,"column":30}},"2":{"start":{"line":3,"column":60},"end":{"line":3,"column":91}},"3":{"start":{"line":4,"column":27},"end":{"line":4,"column":63}},"4":{"start":{"line":5,"column":23},"end":{"line":5,"column":60}},"5":{"start":{"line":7,"column":16},"end":{"line":7,"column":63}},"6":{"start":{"line":9,"column":20},"end":{"line":15,"column":1}},"7":{"start":{"line":10,"column":2},"end":{"line":14,"column":32}},"8":{"start":{"line":11,"column":22},"end":{"line":11,"column":63}},"9":{"start":{"line":12,"column":4},"end":{"line":12,"column":36}},"10":{"start":{"line":14,"column":18},"end":{"line":14,"column":30}},"11":{"start":{"line":17,"column":35},"end":{"line":27,"column":1}},"12":{"start":{"line":18,"column":2},"end":{"line":26,"column":32}},"13":{"start":{"line":19,"column":23},"end":{"line":19,"column":32}},"14":{"start":{"line":20,"column":22},"end":{"line":20,"column":71}},"15":{"start":{"line":21,"column":28},"end":{"line":21,"column":78}},"16":{"start":{"line":24,"column":4},"end":{"line":24,"column":42}},"17":{"start":{"line":26,"column":18},"end":{"line":26,"column":30}},"18":{"start":{"line":29,"column":0},"end":{"line":29,"column":61}}},"fnMap":{"0":{"name":"(anonymous_0)","decl":{"start":{"line":9,"column":20},"end":{"line":9,"column":21}},"loc":{"start":{"line":9,"column":46},"end":{"line":15,"column":1}},"line":9},"1":{"name":"(anonymous_1)","decl":{"start":{"line":17,"column":35},"end":{"line":17,"column":36}},"loc":{"start":{"line":17,"column":61},"end":{"line":27,"column":1}},"line":17}},"branchMap":{},"s":{"0":1,"1":1,"2":1,"3":1,"4":1,"5":1,"6":1,"7":1,"8":1,"9":1,"10":0,"11":1,"12":1,"13":1,"14":1,"15":1,"16":1,"17":0,"18":1},"f":{"0":1,"1":1},"b":{},"_coverageSchema":"1a1c01bbd47fc00a2c39e90264f33305004495a9","hash":"aa03c2a7d3adce88f0acdede3c507e47f160cd2c"}
,"/Users/aganya_bajaj/Documents/Evaluations/Evaluation-2/src/services/companyService.js": {"path":"/Users/aganya_bajaj/Documents/Evaluations/Evaluation-2/src/services/companyService.js","statementMap":{"0":{"start":{"line":1,"column":27},"end":{"line":1,"column":63}},"1":{"start":{"line":2,"column":24},"end":{"line":2,"column":55}},"2":{"start":{"line":3,"column":15},"end":{"line":3,"column":47}},"3":{"start":{"line":5,"column":20},"end":{"line":23,"column":1}},"4":{"start":{"line":6,"column":18},"end":{"line":6,"column":20}},"5":{"start":{"line":8,"column":22},"end":{"line":8,"column":48}},"6":{"start":{"line":10,"column":2},"end":{"line":21,"column":3}},"7":{"start":{"line":11,"column":43},"end":{"line":11,"column":50}},"8":{"start":{"line":13,"column":24},"end":{"line":13,"column":72}},"9":{"start":{"line":15,"column":4},"end":{"line":15,"column":47}},"10":{"start":{"line":16,"column":4},"end":{"line":20,"column":7}},"11":{"start":{"line":22,"column":2},"end":{"line":22,"column":19}},"12":{"start":{"line":25,"column":29},"end":{"line":32,"column":1}},"13":{"start":{"line":26,"column":20},"end":{"line":30,"column":4}},"14":{"start":{"line":31,"column":2},"end":{"line":31,"column":19}},"15":{"start":{"line":34,"column":27},"end":{"line":47,"column":1}},"16":{"start":{"line":35,"column":2},"end":{"line":35,"column":46}},"17":{"start":{"line":35,"column":27},"end":{"line":35,"column":44}},"18":{"start":{"line":36,"column":2},"end":{"line":36,"column":86}},"19":{"start":{"line":36,"column":49},"end":{"line":36,"column":83}},"20":{"start":{"line":38,"column":26},"end":{"line":44,"column":5}},"21":{"start":{"line":38,"column":61},"end":{"line":44,"column":3}},"22":{"start":{"line":46,"column":2},"end":{"line":46,"column":25}},"23":{"start":{"line":49,"column":0},"end":{"line":49,"column":75}}},"fnMap":{"0":{"name":"(anonymous_0)","decl":{"start":{"line":5,"column":20},"end":{"line":5,"column":21}},"loc":{"start":{"line":5,"column":39},"end":{"line":23,"column":1}},"line":5},"1":{"name":"(anonymous_1)","decl":{"start":{"line":25,"column":29},"end":{"line":25,"column":30}},"loc":{"start":{"line":25,"column":47},"end":{"line":32,"column":1}},"line":25},"2":{"name":"(anonymous_2)","decl":{"start":{"line":34,"column":27},"end":{"line":34,"column":28}},"loc":{"start":{"line":34,"column":48},"end":{"line":47,"column":1}},"line":34},"3":{"name":"(anonymous_3)","decl":{"start":{"line":35,"column":17},"end":{"line":35,"column":18}},"loc":{"start":{"line":35,"column":27},"end":{"line":35,"column":44}},"line":35},"4":{"name":"(anonymous_4)","decl":{"start":{"line":36,"column":28},"end":{"line":36,"column":29}},"loc":{"start":{"line":36,"column":49},"end":{"line":36,"column":83}},"line":36},"5":{"name":"(anonymous_5)","decl":{"start":{"line":38,"column":40},"end":{"line":38,"column":41}},"loc":{"start":{"line":38,"column":61},"end":{"line":44,"column":3}},"line":38}},"branchMap":{},"s":{"0":2,"1":2,"2":2,"3":2,"4":1,"5":1,"6":1,"7":1,"8":1,"9":0,"10":0,"11":0,"12":2,"13":1,"14":1,"15":2,"16":1,"17":1,"18":1,"19":2,"20":1,"21":2,"22":1,"23":2},"f":{"0":1,"1":1,"2":1,"3":1,"4":2,"5":2},"b":{},"_coverageSchema":"1a1c01bbd47fc00a2c39e90264f33305004495a9","hash":"ff58974e7b17a868f7e831c0ed5b3d6c4763e755"}
,"/Users/aganya_bajaj/Documents/Evaluations/Evaluation-2/src/utils/dataManipulation.js": {"path":"/Users/aganya_bajaj/Documents/Evaluations/Evaluation-2/src/utils/dataManipulation.js","statementMap":{"0":{"start":{"line":1,"column":47},"end":{"line":1,"column":78}},"1":{"start":{"line":3,"column":23},"end":{"line":11,"column":1}},"2":{"start":{"line":4,"column":18},"end":{"line":4,"column":42}},"3":{"start":{"line":5,"column":26},"end":{"line":5,"column":58}},"4":{"start":{"line":6,"column":16},"end":{"line":6,"column":45}},"5":{"start":{"line":7,"column":22},"end":{"line":7,"column":51}},"6":{"start":{"line":8,"column":2},"end":{"line":8,"column":48}},"7":{"start":{"line":9,"column":2},"end":{"line":9,"column":27}},"8":{"start":{"line":10,"column":2},"end":{"line":10,"column":21}},"9":{"start":{"line":13,"column":17},"end":{"line":24,"column":1}},"10":{"start":{"line":15,"column":18},"end":{"line":15,"column":76}},"11":{"start":{"line":15,"column":50},"end":{"line":15,"column":75}},"12":{"start":{"line":17,"column":12},"end":{"line":17,"column":79}},"13":{"start":{"line":17,"column":53},"end":{"line":17,"column":72}},"14":{"start":{"line":18,"column":11},"end":{"line":18,"column":77}},"15":{"start":{"line":18,"column":52},"end":{"line":18,"column":70}},"16":{"start":{"line":19,"column":12},"end":{"line":19,"column":79}},"17":{"start":{"line":19,"column":53},"end":{"line":19,"column":72}},"18":{"start":{"line":20,"column":13},"end":{"line":20,"column":81}},"19":{"start":{"line":20,"column":54},"end":{"line":20,"column":74}},"20":{"start":{"line":21,"column":16},"end":{"line":21,"column":67}},"21":{"start":{"line":23,"column":2},"end":{"line":23,"column":15}},"22":{"start":{"line":26,"column":0},"end":{"line":26,"column":36}}},"fnMap":{"0":{"name":"(anonymous_0)","decl":{"start":{"line":3,"column":23},"end":{"line":3,"column":24}},"loc":{"start":{"line":3,"column":45},"end":{"line":11,"column":1}},"line":3},"1":{"name":"(anonymous_1)","decl":{"start":{"line":13,"column":17},"end":{"line":13,"column":18}},"loc":{"start":{"line":13,"column":42},"end":{"line":24,"column":1}},"line":13},"2":{"name":"(anonymous_2)","decl":{"start":{"line":15,"column":39},"end":{"line":15,"column":40}},"loc":{"start":{"line":15,"column":50},"end":{"line":15,"column":75}},"line":15},"3":{"name":"(anonymous_3)","decl":{"start":{"line":17,"column":42},"end":{"line":17,"column":43}},"loc":{"start":{"line":17,"column":53},"end":{"line":17,"column":72}},"line":17},"4":{"name":"(anonymous_4)","decl":{"start":{"line":18,"column":41},"end":{"line":18,"column":42}},"loc":{"start":{"line":18,"column":52},"end":{"line":18,"column":70}},"line":18},"5":{"name":"(anonymous_5)","decl":{"start":{"line":19,"column":42},"end":{"line":19,"column":43}},"loc":{"start":{"line":19,"column":53},"end":{"line":19,"column":72}},"line":19},"6":{"name":"(anonymous_6)","decl":{"start":{"line":20,"column":43},"end":{"line":20,"column":44}},"loc":{"start":{"line":20,"column":54},"end":{"line":20,"column":74}},"line":20}},"branchMap":{},"s":{"0":2,"1":2,"2":1,"3":1,"4":0,"5":0,"6":0,"7":0,"8":0,"9":2,"10":0,"11":0,"12":0,"13":0,"14":0,"15":0,"16":0,"17":0,"18":0,"19":0,"20":0,"21":0,"22":2},"f":{"0":1,"1":0,"2":0,"3":0,"4":0,"5":0,"6":0},"b":{},"_coverageSchema":"1a1c01bbd47fc00a2c39e90264f33305004495a9","hash":"7e1bb5b58b4ce2b7aa819f90f54342657f949c32"}
,"/Users/aganya_bajaj/Documents/Evaluations/Evaluation-2/src/utils/externalAPI.js": {"path":"/Users/aganya_bajaj/Documents/Evaluations/Evaluation-2/src/utils/externalAPI.js","statementMap":{"0":{"start":{"line":1,"column":14},"end":{"line":1,"column":30}},"1":{"start":{"line":2,"column":12},"end":{"line":2,"column":32}},"2":{"start":{"line":4,"column":23},"end":{"line":4,"column":53}},"3":{"start":{"line":5,"column":27},"end":{"line":5,"column":61}},"4":{"start":{"line":7,"column":20},"end":{"line":14,"column":1}},"5":{"start":{"line":9,"column":19},"end":{"line":9,"column":65}},"6":{"start":{"line":10,"column":21},"end":{"line":10,"column":34}},"7":{"start":{"line":11,"column":22},"end":{"line":11,"column":56}},"8":{"start":{"line":12,"column":2},"end":{"line":12,"column":21}},"9":{"start":{"line":16,"column":23},"end":{"line":22,"column":1}},"10":{"start":{"line":18,"column":19},"end":{"line":18,"column":86}},"11":{"start":{"line":19,"column":21},"end":{"line":19,"column":34}},"12":{"start":{"line":20,"column":2},"end":{"line":20,"column":32}},"13":{"start":{"line":24,"column":27},"end":{"line":31,"column":1}},"14":{"start":{"line":27,"column":19},"end":{"line":27,"column":94}},"15":{"start":{"line":28,"column":21},"end":{"line":28,"column":34}},"16":{"start":{"line":29,"column":2},"end":{"line":29,"column":32}},"17":{"start":{"line":33,"column":0},"end":{"line":33,"column":69}}},"fnMap":{"0":{"name":"(anonymous_0)","decl":{"start":{"line":7,"column":20},"end":{"line":7,"column":21}},"loc":{"start":{"line":7,"column":35},"end":{"line":14,"column":1}},"line":7},"1":{"name":"(anonymous_1)","decl":{"start":{"line":16,"column":23},"end":{"line":16,"column":24}},"loc":{"start":{"line":16,"column":37},"end":{"line":22,"column":1}},"line":16},"2":{"name":"(anonymous_2)","decl":{"start":{"line":24,"column":27},"end":{"line":24,"column":28}},"loc":{"start":{"line":24,"column":45},"end":{"line":31,"column":1}},"line":24}},"branchMap":{},"s":{"0":2,"1":2,"2":2,"3":2,"4":2,"5":1,"6":1,"7":1,"8":1,"9":2,"10":1,"11":1,"12":1,"13":2,"14":1,"15":0,"16":0,"17":2},"f":{"0":1,"1":1,"2":1},"b":{},"_coverageSchema":"1a1c01bbd47fc00a2c39e90264f33305004495a9","hash":"3fddee14216f29423fe4463398173db02e73d728"}
}
