TN:
SF:database/models/companies.js
FN:5,(anonymous_0)
FN:12,(anonymous_1)
FNF:2
FNH:2
FNDA:2,(anonymous_0)
FNDA:2,(anonymous_1)
DA:4,2
DA:5,2
DA:16,2
DA:26,2
LF:4
LH:4
BRF:0
BRH:0
end_of_record
TN:
SF:database/models/index.js
FN:21,(anonymous_0)
FN:29,(anonymous_1)
FN:34,(anonymous_2)
FNF:3
FNH:3
FNDA:4,(anonymous_0)
FNDA:2,(anonymous_1)
FNDA:2,(anonymous_2)
DA:3,2
DA:4,2
DA:5,2
DA:6,2
DA:7,2
DA:8,2
DA:9,2
DA:10,2
DA:13,2
DA:14,0
DA:16,2
DA:19,2
DA:22,4
DA:30,2
DA:31,2
DA:34,2
DA:35,2
DA:36,2
DA:40,2
DA:41,2
DA:43,2
LF:21
LH:20
BRDA:8,0,0,2
BRDA:8,0,1,0
BRDA:13,1,0,0
BRDA:13,1,1,2
BRDA:23,2,0,4
BRDA:23,2,1,4
BRDA:23,2,2,2
BRDA:23,2,3,2
BRDA:35,3,0,2
BRDA:35,3,1,0
BRF:10
BRH:7
end_of_record
TN:
SF:src/controllers/companyController.js
FN:8,(anonymous_0)
FN:17,(anonymous_1)
FN:28,(anonymous_2)
FNF:3
FNH:3
FNDA:1,(anonymous_0)
FNDA:1,(anonymous_1)
FNDA:1,(anonymous_2)
DA:1,1
DA:2,1
DA:3,1
DA:4,1
DA:5,1
DA:6,1
DA:8,1
DA:9,1
DA:10,1
DA:11,1
DA:12,1
DA:14,0
DA:17,1
DA:18,1
DA:19,1
DA:20,1
DA:21,1
DA:22,1
DA:23,1
DA:25,0
DA:28,1
DA:29,1
DA:30,1
DA:31,0
DA:32,0
DA:33,0
DA:34,0
DA:36,1
DA:39,1
LF:29
LH:23
BRDA:21,0,0,0
BRDA:21,0,1,1
BRDA:33,1,0,0
BRDA:33,1,1,0
BRF:4
BRH:1
end_of_record
TN:
SF:src/services/companyService.js
FN:5,(anonymous_0)
FN:22,(anonymous_1)
FN:31,(anonymous_2)
FN:32,(anonymous_3)
FN:33,(anonymous_4)
FN:35,(anonymous_5)
FN:46,(anonymous_6)
FNF:7
FNH:7
FNDA:1,(anonymous_0)
FNDA:1,(anonymous_1)
FNDA:1,(anonymous_2)
FNDA:1,(anonymous_3)
FNDA:2,(anonymous_4)
FNDA:2,(anonymous_5)
FNDA:1,(anonymous_6)
DA:1,2
DA:2,2
DA:3,2
DA:5,2
DA:6,1
DA:8,1
DA:9,1
DA:10,2
DA:11,2
DA:12,1
DA:13,1
DA:19,0
DA:22,2
DA:23,1
DA:28,1
DA:31,2
DA:32,1
DA:33,2
DA:35,2
DA:43,1
DA:46,2
DA:47,1
DA:48,1
DA:51,2
LF:24
LH:23
BRF:0
BRH:0
end_of_record
TN:
SF:src/utils/dataManipulation.js
FN:3,(anonymous_0)
FN:13,(anonymous_1)
FN:15,(anonymous_2)
FN:17,(anonymous_3)
FN:18,(anonymous_4)
FN:19,(anonymous_5)
FN:20,(anonymous_6)
FNF:7
FNH:7
FNDA:2,(anonymous_0)
FNDA:1,(anonymous_1)
FNDA:1,(anonymous_2)
FNDA:1,(anonymous_3)
FNDA:2,(anonymous_4)
FNDA:3,(anonymous_5)
FNDA:4,(anonymous_6)
DA:1,2
DA:3,2
DA:4,2
DA:5,1
DA:6,1
DA:7,1
DA:8,1
DA:9,1
DA:10,1
DA:13,2
DA:15,1
DA:17,1
DA:18,2
DA:19,3
DA:20,4
DA:21,1
DA:23,1
DA:26,2
LF:18
LH:18
BRF:0
BRH:0
end_of_record
TN:
SF:src/utils/errors.js
FN:2,(anonymous_0)
FN:10,(anonymous_1)
FN:15,(anonymous_2)
FNF:3
FNH:0
FNDA:0,(anonymous_0)
FNDA:0,(anonymous_1)
FNDA:0,(anonymous_2)
DA:3,0
DA:4,0
DA:5,0
DA:11,0
DA:16,0
DA:20,1
LF:6
LH:1
BRF:0
BRH:0
end_of_record
TN:
SF:src/utils/externalAPI.js
FN:7,(anonymous_0)
FN:16,(anonymous_1)
FN:24,(anonymous_2)
FNF:3
FNH:3
FNDA:1,(anonymous_0)
FNDA:2,(anonymous_1)
FNDA:1,(anonymous_2)
DA:1,2
DA:2,2
DA:4,2
DA:5,2
DA:7,2
DA:9,1
DA:10,1
DA:11,1
DA:12,1
DA:16,2
DA:18,2
DA:19,1
DA:20,1
DA:24,2
DA:27,1
DA:28,1
DA:29,1
DA:33,2
LF:18
LH:18
BRF:0
BRH:0
end_of_record
